<?xml version="1.0" encoding="UTF-8"?>
<!-- Generated by org.testng.reporters.JUnitReportReporter -->
<testsuite hostname="DESKTOP-QUDC6GG" failures="0" tests="1" name="com.herokuapp.restfulbooker.CreateBookingTests" time="4.480" errors="0" timestamp="2020-05-20T18:36:20 MSK" skipped="0">
  <testcase classname="com.herokuapp.restfulbooker.CreateBookingTests" name="createBookingWithPOJOTest" time="4.480"/>
  <system-out/>
</testsuite> <!-- com.herokuapp.restfulbooker.CreateBookingTests -->
