<?xml version="1.0" encoding="UTF-8"?>
<!-- Generated by org.testng.reporters.JUnitReportReporter -->
<testsuite hostname="DESKTOP-QUDC6GG" failures="0" tests="1" name="com.herokuapp.restfulbooker.GetBookingTests" time="6.872" errors="0" timestamp="2020-05-20T17:43:07 MSK" skipped="0">
  <testcase classname="com.herokuapp.restfulbooker.GetBookingTests" name="getBookingXMLTest" time="6.872"/>
  <system-out/>
</testsuite> <!-- com.herokuapp.restfulbooker.GetBookingTests -->
