<?xml version="1.0" encoding="UTF-8"?>
<!-- Generated by org.testng.reporters.JUnitReportReporter -->
<testsuite hostname="DESKTOP-QUDC6GG" failures="0" tests="2" name="com.herokuapp.restfulbooker.HealthCheckTest" time="5.805" errors="0" timestamp="2020-05-20T17:34:38 MSK" skipped="0">
  <testcase classname="com.herokuapp.restfulbooker.HealthCheckTest" name="healthCheckTest" time="0.894"/>
  <system-out/>
  <testcase classname="com.herokuapp.restfulbooker.HealthCheckTest" name="headersAndCokkies" time="4.911"/>
  <system-out/>
</testsuite> <!-- com.herokuapp.restfulbooker.HealthCheckTest -->
