<?xml version="1.0" encoding="UTF-8"?>
<!-- Generated by org.testng.reporters.JUnitReportReporter -->
<testsuite hostname="DESKTOP-QUDC6GG" failures="0" tests="1" name="com.herokuapp.restfulbooker.PartialUpdateBookingTests" time="9.549" errors="0" timestamp="2020-05-18T15:35:05 MSK" skipped="0">
  <testcase classname="com.herokuapp.restfulbooker.PartialUpdateBookingTests" name="partialUpdateBookingTests" time="9.549"/>
  <system-out/>
</testsuite> <!-- com.herokuapp.restfulbooker.PartialUpdateBookingTests -->
